{"level":"info","message":"Server running in undefined mode on port 3000","service":"church-management-system","timestamp":"2025-07-27 03:48:29"}
{"level":"info","message":"MongoDB Connected: localhost","service":"church-management-system","timestamp":"2025-07-27 03:48:29"}
{"level":"info","message":"Server running in undefined mode on port 3000","service":"church-management-system","timestamp":"2025-07-27 03:54:10"}
{"level":"error","message":"Error: bad auth : Authentication failed.","service":"church-management-system","timestamp":"2025-07-27 03:54:12"}
{"level":"info","message":"Server running in undefined mode on port 3000","service":"church-management-system","timestamp":"2025-07-27 03:54:43"}
{"level":"error","message":"Error: bad auth : Authentication failed.","service":"church-management-system","timestamp":"2025-07-27 03:54:45"}
{"level":"info","message":"Server running in undefined mode on port 3000","service":"church-management-system","timestamp":"2025-07-27 03:54:54"}
{"level":"warn","message":"MongoDB disconnected","service":"church-management-system","timestamp":"2025-07-27 03:54:57"}
{"level":"info","message":"Server running in undefined mode on port 3000","service":"church-management-system","timestamp":"2025-07-27 03:55:00"}
{"level":"warn","message":"MongoDB disconnected","service":"church-management-system","timestamp":"2025-07-27 03:55:02"}
{"level":"info","message":"Server running in undefined mode on port 3000","service":"church-management-system","timestamp":"2025-07-27 03:56:37"}
{"level":"warn","message":"MongoDB disconnected","service":"church-management-system","timestamp":"2025-07-27 03:56:39"}
{"level":"info","message":"Server running in undefined mode on port 3000","service":"church-management-system","timestamp":"2025-07-27 04:02:49"}
{"level":"info","message":"MongoDB Connected: localhost","service":"church-management-system","timestamp":"2025-07-27 04:02:49"}
{"level":"info","message":"Server running in undefined mode on port 3000","service":"church-management-system","timestamp":"2025-07-27 04:03:34"}
{"level":"info","message":"MongoDB Connected: localhost","service":"church-management-system","timestamp":"2025-07-27 04:03:34"}
{"level":"info","message":"Server running in undefined mode on port 3000","service":"church-management-system","timestamp":"2025-07-27 04:12:31"}
{"level":"info","message":"MongoDB Connected: localhost","service":"church-management-system","timestamp":"2025-07-27 04:12:31"}
{"level":"info","message":"Server running in undefined mode on port 3000","service":"church-management-system","timestamp":"2025-07-27 04:17:49"}
{"level":"info","message":"MongoDB Connected: localhost","service":"church-management-system","timestamp":"2025-07-27 04:17:49"}
{"level":"info","message":"Server running in undefined mode on port 3000","service":"church-management-system","timestamp":"2025-07-27 04:20:59"}
{"level":"info","message":"MongoDB Connected: localhost","service":"church-management-system","timestamp":"2025-07-27 04:20:59"}
{"level":"info","message":"Server running in undefined mode on port 3000","service":"church-management-system","timestamp":"2025-07-27 04:22:38"}
{"level":"info","message":"MongoDB Connected: localhost","service":"church-management-system","timestamp":"2025-07-27 04:22:39"}
{"level":"info","message":"Server running in undefined mode on port 3000","service":"church-management-system","timestamp":"2025-07-27 04:27:49"}
{"level":"info","message":"MongoDB Connected: localhost","service":"church-management-system","timestamp":"2025-07-27 04:27:50"}
{"level":"info","message":"Server running in undefined mode on port 3000","service":"church-management-system","timestamp":"2025-07-27 04:30:32"}
{"level":"info","message":"MongoDB Connected: localhost","service":"church-management-system","timestamp":"2025-07-27 04:30:32"}
{"level":"info","message":"Server running in undefined mode on port 3000","service":"church-management-system","timestamp":"2025-07-27 04:34:48"}
{"level":"info","message":"MongoDB Connected: localhost","service":"church-management-system","timestamp":"2025-07-27 04:34:48"}
{"level":"info","message":"Server running in undefined mode on port 3000","service":"church-management-system","timestamp":"2025-07-27 04:35:50"}
{"level":"info","message":"MongoDB Connected: localhost","service":"church-management-system","timestamp":"2025-07-27 04:35:50"}
{"level":"info","message":"Server running in undefined mode on port 3000","service":"church-management-system","timestamp":"2025-07-27 04:41:37"}
{"level":"info","message":"MongoDB Connected: localhost","service":"church-management-system","timestamp":"2025-07-27 04:41:37"}
{"level":"info","message":"Server running in undefined mode on port 3000","service":"church-management-system","timestamp":"2025-07-27 04:42:23"}
{"level":"info","message":"MongoDB Connected: localhost","service":"church-management-system","timestamp":"2025-07-27 04:42:23"}
{"level":"info","message":"Server running in undefined mode on port 3000","service":"church-management-system","timestamp":"2025-07-27 04:44:01"}
{"level":"info","message":"MongoDB Connected: localhost","service":"church-management-system","timestamp":"2025-07-27 04:44:01"}
{"level":"info","message":"Server running in undefined mode on port 3000","service":"church-management-system","timestamp":"2025-07-27 04:44:42"}
{"level":"info","message":"MongoDB Connected: localhost","service":"church-management-system","timestamp":"2025-07-27 04:44:43"}
{"level":"info","message":"Server running in undefined mode on port 3000","service":"church-management-system","timestamp":"2025-07-27 04:44:53"}
{"level":"info","message":"MongoDB Connected: localhost","service":"church-management-system","timestamp":"2025-07-27 04:44:53"}
{"level":"info","message":"Server running in undefined mode on port 3000","service":"church-management-system","timestamp":"2025-07-27 04:46:32"}
{"level":"info","message":"MongoDB Connected: localhost","service":"church-management-system","timestamp":"2025-07-27 04:46:32"}
{"level":"info","message":"Server running in undefined mode on port 3000","service":"church-management-system","timestamp":"2025-07-27 04:47:10"}
{"level":"info","message":"MongoDB Connected: localhost","service":"church-management-system","timestamp":"2025-07-27 04:47:10"}
{"level":"info","message":"Server running in undefined mode on port 3000","service":"church-management-system","timestamp":"2025-07-27 04:47:34"}
{"level":"info","message":"MongoDB Connected: localhost","service":"church-management-system","timestamp":"2025-07-27 04:47:34"}
{"level":"info","message":"Server running in undefined mode on port 3000","service":"church-management-system","timestamp":"2025-07-27 04:47:57"}
{"level":"info","message":"MongoDB Connected: localhost","service":"church-management-system","timestamp":"2025-07-27 04:47:57"}
{"level":"info","message":"Server running in undefined mode on port 3000","service":"church-management-system","timestamp":"2025-07-27 04:48:24"}
{"level":"info","message":"MongoDB Connected: localhost","service":"church-management-system","timestamp":"2025-07-27 04:48:24"}
{"level":"info","message":"Server running in undefined mode on port 3000","service":"church-management-system","timestamp":"2025-07-27 04:48:47"}
{"level":"info","message":"MongoDB Connected: localhost","service":"church-management-system","timestamp":"2025-07-27 04:48:47"}
{"level":"info","message":"Server running in undefined mode on port 3000","service":"church-management-system","timestamp":"2025-07-27 04:49:42"}
{"level":"info","message":"MongoDB Connected: localhost","service":"church-management-system","timestamp":"2025-07-27 04:49:42"}
{"level":"info","message":"Server running in undefined mode on port 3000","service":"church-management-system","timestamp":"2025-07-27 04:49:47"}
{"level":"info","message":"MongoDB Connected: localhost","service":"church-management-system","timestamp":"2025-07-27 04:49:47"}
{"level":"info","message":"Server running in undefined mode on port 3000","service":"church-management-system","timestamp":"2025-07-27 04:49:51"}
{"level":"info","message":"MongoDB Connected: localhost","service":"church-management-system","timestamp":"2025-07-27 04:49:51"}
{"level":"info","message":"Server running in undefined mode on port 3000","service":"church-management-system","timestamp":"2025-07-27 04:50:14"}
{"level":"info","message":"MongoDB Connected: localhost","service":"church-management-system","timestamp":"2025-07-27 04:50:15"}
{"0":"U","1":"s","10":"a","100":" ","101":"P","102":"a","103":"t","104":"h","105":" ","106":"`","107":"W","108":"e","109":"r","11":"t","110":"e","111":"d","112":"a","113":"B","114":"e","115":"t","116":"e","117":"k","118":"i","119":"h","12":"i","120":"i","121":"n","122":"e","123":"t","124":"`","125":" ","126":"i","127":"s","128":" ","129":"r","13":"o","130":"e","131":"q","132":"u","133":"i","134":"r","135":"e","136":"d","137":".","14":"n","15":" ","16":"f","17":"a","18":"i","19":"l","2":"e","20":"e","21":"d","22":":","23":" ","24":"r","25":"o","26":"l","27":"e","28":":","29":" ","3":"r","30":"`","31":"A","32":"d","33":"m","34":"i","35":"n","36":"`","37":" ","38":"i","39":"s","4":" ","40":" ","41":"n","42":"o","43":"t","44":" ","45":"a","46":" ","47":"v","48":"a","49":"l","5":"v","50":"i","51":"d","52":" ","53":"e","54":"n","55":"u","56":"m","57":" ","58":"v","59":"a","6":"a","60":"l","61":"u","62":"e","63":" ","64":"f","65":"o","66":"r","67":" ","68":"p","69":"a","7":"l","70":"t","71":"h","72":" ","73":"`","74":"r","75":"o","76":"l","77":"e","78":"`","79":".","8":"i","80":",","81":" ","82":"W","83":"e","84":"r","85":"e","86":"d","87":"a","88":"B","89":"e","9":"d","90":"t","91":"e","92":"k","93":"i","94":"h","95":"i","96":"n","97":"e","98":"t","99":":","level":"error","message":"Registration error:","service":"church-management-system","timestamp":"2025-07-27 04:55:29"}
{"0":"j","1":"w","10":"m","11":"e","12":"d","2":"t","3":" ","4":"m","5":"a","6":"l","7":"f","8":"o","9":"r","level":"error","message":"Authentication error:","service":"church-management-system","timestamp":"2025-07-27 05:00:59"}
{"level":"error","message":"Error: Not authorized. Admin access required.\n    at C:\\Users\\venus\\OneDrive\\Desktop\\Orthodox_Church\\church_managiment_system\\backend\\controllers\\WeredaBetekihinet.controller.js:10:11\n    at asyncUtilWrap (C:\\Users\\venus\\OneDrive\\Desktop\\Orthodox_Church\\church_managiment_system\\backend\\node_modules\\express-async-handler\\index.js:3:20)\n    at Layer.handleRequest (C:\\Users\\venus\\OneDrive\\Desktop\\Orthodox_Church\\church_managiment_system\\backend\\node_modules\\router\\lib\\layer.js:152:17)\n    at next (C:\\Users\\venus\\OneDrive\\Desktop\\Orthodox_Church\\church_managiment_system\\backend\\node_modules\\router\\lib\\route.js:157:13)\n    at Route.dispatch (C:\\Users\\venus\\OneDrive\\Desktop\\Orthodox_Church\\church_managiment_system\\backend\\node_modules\\router\\lib\\route.js:117:3)\n    at handle (C:\\Users\\venus\\OneDrive\\Desktop\\Orthodox_Church\\church_managiment_system\\backend\\node_modules\\router\\index.js:435:11)\n    at Layer.handleRequest (C:\\Users\\venus\\OneDrive\\Desktop\\Orthodox_Church\\church_managiment_system\\backend\\node_modules\\router\\lib\\layer.js:152:17)\n    at C:\\Users\\venus\\OneDrive\\Desktop\\Orthodox_Church\\church_managiment_system\\backend\\node_modules\\router\\index.js:295:15\n    at processParams (C:\\Users\\venus\\OneDrive\\Desktop\\Orthodox_Church\\church_managiment_system\\backend\\node_modules\\router\\index.js:582:12)\n    at next (C:\\Users\\venus\\OneDrive\\Desktop\\Orthodox_Church\\church_managiment_system\\backend\\node_modules\\router\\index.js:291:5)","service":"church-management-system","timestamp":"2025-07-27 05:01:23"}
{"level":"info","message":"Server running in undefined mode on port 3000","service":"church-management-system","timestamp":"2025-07-27 05:02:11"}
{"level":"info","message":"MongoDB Connected: localhost","service":"church-management-system","timestamp":"2025-07-27 05:02:11"}
{"level":"info","message":"Server running in undefined mode on port 3000","service":"church-management-system","timestamp":"2025-07-27 05:02:14"}
{"level":"info","message":"MongoDB Connected: localhost","service":"church-management-system","timestamp":"2025-07-27 05:02:14"}
{"level":"error","message":"Error: Not authorized. Admin access required.\n    at C:\\Users\\venus\\OneDrive\\Desktop\\Orthodox_Church\\church_managiment_system\\backend\\controllers\\WeredaBetekihinet.controller.js:10:11\n    at asyncUtilWrap (C:\\Users\\venus\\OneDrive\\Desktop\\Orthodox_Church\\church_managiment_system\\backend\\node_modules\\express-async-handler\\index.js:3:20)\n    at Layer.handleRequest (C:\\Users\\venus\\OneDrive\\Desktop\\Orthodox_Church\\church_managiment_system\\backend\\node_modules\\router\\lib\\layer.js:152:17)\n    at next (C:\\Users\\venus\\OneDrive\\Desktop\\Orthodox_Church\\church_managiment_system\\backend\\node_modules\\router\\lib\\route.js:157:13)\n    at Route.dispatch (C:\\Users\\venus\\OneDrive\\Desktop\\Orthodox_Church\\church_managiment_system\\backend\\node_modules\\router\\lib\\route.js:117:3)\n    at handle (C:\\Users\\venus\\OneDrive\\Desktop\\Orthodox_Church\\church_managiment_system\\backend\\node_modules\\router\\index.js:435:11)\n    at Layer.handleRequest (C:\\Users\\venus\\OneDrive\\Desktop\\Orthodox_Church\\church_managiment_system\\backend\\node_modules\\router\\lib\\layer.js:152:17)\n    at C:\\Users\\venus\\OneDrive\\Desktop\\Orthodox_Church\\church_managiment_system\\backend\\node_modules\\router\\index.js:295:15\n    at processParams (C:\\Users\\venus\\OneDrive\\Desktop\\Orthodox_Church\\church_managiment_system\\backend\\node_modules\\router\\index.js:582:12)\n    at next (C:\\Users\\venus\\OneDrive\\Desktop\\Orthodox_Church\\church_managiment_system\\backend\\node_modules\\router\\index.js:291:5)","service":"church-management-system","timestamp":"2025-07-27 05:03:25"}
{"level":"info","message":"Server running in undefined mode on port 3000","service":"church-management-system","timestamp":"2025-07-27 05:08:46"}
{"level":"info","message":"MongoDB Connected: localhost","service":"church-management-system","timestamp":"2025-07-27 05:08:46"}
{"level":"info","message":"Server running in undefined mode on port 3000","service":"church-management-system","timestamp":"2025-07-27 05:08:47"}
{"level":"info","message":"MongoDB Connected: localhost","service":"church-management-system","timestamp":"2025-07-27 05:08:47"}
{"level":"info","message":"Server running in undefined mode on port 3000","service":"church-management-system","timestamp":"2025-07-27 05:10:58"}
{"level":"info","message":"MongoDB Connected: localhost","service":"church-management-system","timestamp":"2025-07-27 05:10:58"}
{"level":"info","message":"Server running in undefined mode on port 3000","service":"church-management-system","timestamp":"2025-07-27 05:10:59"}
{"level":"info","message":"MongoDB Connected: localhost","service":"church-management-system","timestamp":"2025-07-27 05:10:59"}
{"0":"U","1":"s","10":"a","11":"t","12":"i","13":"o","14":"n","15":" ","16":"f","17":"a","18":"i","19":"l","2":"e","20":"e","21":"d","22":":","23":" ","24":"W","25":"e","26":"r","27":"e","28":"d","29":"a","3":"r","30":"B","31":"e","32":"t","33":"e","34":"k","35":"i","36":"h","37":"i","38":"n","39":"e","4":" ","40":"t","41":":","42":" ","43":"P","44":"a","45":"t","46":"h","47":" ","48":"`","49":"W","5":"v","50":"e","51":"r","52":"e","53":"d","54":"a","55":"B","56":"e","57":"t","58":"e","59":"k","6":"a","60":"i","61":"h","62":"i","63":"n","64":"e","65":"t","66":"`","67":" ","68":"i","69":"s","7":"l","70":" ","71":"r","72":"e","73":"q","74":"u","75":"i","76":"r","77":"e","78":"d","79":".","8":"i","9":"d","level":"error","message":"Login error:","service":"church-management-system","timestamp":"2025-07-27 05:11:24"}
{"0":"U","1":"s","10":"a","11":"t","12":"i","13":"o","14":"n","15":" ","16":"f","17":"a","18":"i","19":"l","2":"e","20":"e","21":"d","22":":","23":" ","24":"W","25":"e","26":"r","27":"e","28":"d","29":"a","3":"r","30":"B","31":"e","32":"t","33":"e","34":"k","35":"i","36":"h","37":"i","38":"n","39":"e","4":" ","40":"t","41":":","42":" ","43":"P","44":"a","45":"t","46":"h","47":" ","48":"`","49":"W","5":"v","50":"e","51":"r","52":"e","53":"d","54":"a","55":"B","56":"e","57":"t","58":"e","59":"k","6":"a","60":"i","61":"h","62":"i","63":"n","64":"e","65":"t","66":"`","67":" ","68":"i","69":"s","7":"l","70":" ","71":"r","72":"e","73":"q","74":"u","75":"i","76":"r","77":"e","78":"d","79":".","8":"i","9":"d","level":"error","message":"Login error:","service":"church-management-system","timestamp":"2025-07-27 05:11:54"}
{"level":"info","message":"Server running in undefined mode on port 3000","service":"church-management-system","timestamp":"2025-07-27 05:17:09"}
{"level":"info","message":"MongoDB Connected: localhost","service":"church-management-system","timestamp":"2025-07-27 05:17:09"}
{"level":"info","message":"Server running in undefined mode on port 3000","service":"church-management-system","timestamp":"2025-07-27 05:17:11"}
{"level":"info","message":"MongoDB Connected: localhost","service":"church-management-system","timestamp":"2025-07-27 05:17:11"}
{"level":"info","message":"Server running in undefined mode on port 3000","service":"church-management-system","timestamp":"2025-07-27 05:23:59"}
{"level":"info","message":"MongoDB Connected: localhost","service":"church-management-system","timestamp":"2025-07-27 05:23:59"}
{"level":"info","message":"Server running in undefined mode on port 3000","service":"church-management-system","timestamp":"2025-07-27 05:24:00"}
{"level":"info","message":"MongoDB Connected: localhost","service":"church-management-system","timestamp":"2025-07-27 05:24:00"}
{"0":"e","1":"m","10":"o","11":"t","12":" ","13":"d","14":"e","15":"f","16":"i","17":"n","18":"e","19":"d","2":"a","3":"i","4":"l","5":" ","6":"i","7":"s","8":" ","9":"n","level":"error","message":"Registration error:","service":"church-management-system","timestamp":"2025-07-27 05:24:03"}
{"0":"e","1":"m","10":"o","11":"t","12":" ","13":"d","14":"e","15":"f","16":"i","17":"n","18":"e","19":"d","2":"a","3":"i","4":"l","5":" ","6":"i","7":"s","8":" ","9":"n","level":"error","message":"Registration error:","service":"church-management-system","timestamp":"2025-07-27 05:24:53"}
{"0":"e","1":"m","10":"o","11":"t","12":" ","13":"d","14":"e","15":"f","16":"i","17":"n","18":"e","19":"d","2":"a","3":"i","4":"l","5":" ","6":"i","7":"s","8":" ","9":"n","level":"error","message":"Registration error:","service":"church-management-system","timestamp":"2025-07-27 05:24:55"}
{"0":"e","1":"m","10":"o","11":"t","12":" ","13":"d","14":"e","15":"f","16":"i","17":"n","18":"e","19":"d","2":"a","3":"i","4":"l","5":" ","6":"i","7":"s","8":" ","9":"n","level":"error","message":"Registration error:","service":"church-management-system","timestamp":"2025-07-27 05:27:15"}
{"level":"info","message":"Server running in undefined mode on port 3000","service":"church-management-system","timestamp":"2025-07-27 05:27:56"}
{"level":"info","message":"MongoDB Connected: localhost","service":"church-management-system","timestamp":"2025-07-27 05:27:56"}
{"level":"info","message":"Server running in undefined mode on port 3000","service":"church-management-system","timestamp":"2025-07-27 05:27:56"}
{"level":"info","message":"MongoDB Connected: localhost","service":"church-management-system","timestamp":"2025-07-27 05:27:56"}
{"level":"info","message":"Server running in undefined mode on port 3000","service":"church-management-system","timestamp":"2025-07-27 06:23:22"}
{"0":"O","1":"p","10":"`","11":"u","12":"s","13":"e","14":"r","15":"s","16":".","17":"f","18":"i","19":"n","2":"e","20":"d","21":"O","22":"n","23":"e","24":"(","25":")","26":"`","27":" ","28":"b","29":"u","3":"r","30":"f","31":"f","32":"e","33":"r","34":"i","35":"n","36":"g","37":" ","38":"t","39":"i","4":"a","40":"m","41":"e","42":"d","43":" ","44":"o","45":"u","46":"t","47":" ","48":"a","49":"f","5":"t","50":"t","51":"e","52":"r","53":" ","54":"1","55":"0","56":"0","57":"0","58":"0","59":"m","6":"i","60":"s","7":"o","8":"n","9":" ","level":"error","message":"Registration error:","service":"church-management-system","timestamp":"2025-07-27 06:24:06"}
{"level":"warn","message":"MongoDB disconnected","service":"church-management-system","timestamp":"2025-07-27 06:24:20"}
{"level":"info","message":"Server running in undefined mode on port 3000","service":"church-management-system","timestamp":"2025-07-27 12:00:10"}
{"level":"warn","message":"MongoDB disconnected","service":"church-management-system","timestamp":"2025-07-27 12:00:40"}
{"level":"info","message":"Server running in production mode on port 3000","service":"church-management-system","timestamp":"2025-07-27 12:05:11"}
{"level":"warn","message":"MongoDB disconnected","service":"church-management-system","timestamp":"2025-07-27 12:05:41"}
{"level":"info","message":"Server running in production mode on port 3000","service":"church-management-system","timestamp":"2025-07-27 12:07:07"}
{"level":"warn","message":"MongoDB disconnected","service":"church-management-system","timestamp":"2025-07-27 12:07:38"}
{"level":"info","message":"Server running in production mode on port 3000","service":"church-management-system","timestamp":"2025-07-27 12:08:02"}
{"level":"warn","message":"MongoDB disconnected","service":"church-management-system","timestamp":"2025-07-27 12:08:37"}
{"level":"info","message":"Server running in production mode on port 3000","service":"church-management-system","timestamp":"2025-07-27 12:09:05"}
{"level":"info","message":"Server running in production mode on port 3000","service":"church-management-system","timestamp":"2025-07-27 12:09:17"}
{"level":"warn","message":"MongoDB disconnected","service":"church-management-system","timestamp":"2025-07-27 12:10:01"}
{"level":"info","message":"Server running in production mode on port 3000","service":"church-management-system","timestamp":"2025-07-27 12:15:39"}
{"level":"error","message":"MongoDB connection error: Cannot read properties of undefined (reading 'connection')","service":"church-management-system","timestamp":"2025-07-27 12:15:41"}
{"level":"info","message":"Server running in production mode on port 3000","service":"church-management-system","timestamp":"2025-07-27 12:16:24"}
{"level":"error","message":"MongoDB connection error: Cannot read properties of undefined (reading 'connection')","service":"church-management-system","timestamp":"2025-07-27 12:16:27"}
{"level":"info","message":"Server running in production mode on port 3000","service":"church-management-system","timestamp":"2025-07-27 12:16:32"}
{"level":"error","message":"MongoDB connection error: Cannot read properties of undefined (reading 'connection')","service":"church-management-system","timestamp":"2025-07-27 12:16:34"}
{"level":"info","message":"Server running in production mode on port 3000","service":"church-management-system","timestamp":"2025-07-27 12:16:44"}
{"level":"error","message":"MongoDB connection error: Cannot read properties of undefined (reading 'connection')","service":"church-management-system","timestamp":"2025-07-27 12:16:47"}
{"level":"info","message":"Server running in production mode on port 3000","service":"church-management-system","timestamp":"2025-07-27 12:16:56"}
{"level":"error","message":"MongoDB connection error: Cannot read properties of undefined (reading 'connection')","service":"church-management-system","timestamp":"2025-07-27 12:16:58"}
{"level":"info","message":"Server running in production mode on port 3000","service":"church-management-system","timestamp":"2025-07-27 12:19:49"}
{"level":"error","message":"MongoDB connection error: Cannot read properties of undefined (reading 'connection')","service":"church-management-system","timestamp":"2025-07-27 12:19:51"}
{"level":"info","message":"Server running in production mode on port 3000","service":"church-management-system","timestamp":"2025-07-27 12:21:16"}
{"level":"info","message":"Server running in production mode on port 3000","service":"church-management-system","timestamp":"2025-07-27 12:21:19"}
{"level":"error","message":"MongoDB connection error: Cannot read properties of undefined (reading 'connection')","service":"church-management-system","timestamp":"2025-07-27 12:21:21"}
{"level":"info","message":"Server running in development mode on port 3000","service":"church-management-system","timestamp":"2025-07-27 12:22:01"}
{"level":"error","message":"MongoDB connection error: Cannot read properties of undefined (reading 'connection')","service":"church-management-system","timestamp":"2025-07-27 12:22:03"}
{"level":"info","message":"Server running in development mode on port 3000","service":"church-management-system","timestamp":"2025-07-27 12:23:05"}
{"level":"info","message":"✅ MongoDB Connected: ac-zxerfsn-shard-00-01.cysc794.mongodb.net","service":"church-management-system","timestamp":"2025-07-27 12:23:07"}
{"level":"info","message":"Server running in production mode on port 3000","service":"church-management-system","timestamp":"2025-07-27 12:38:34"}
{"level":"info","message":"✅ MongoDB Connected: ac-zxerfsn-shard-00-02.cysc794.mongodb.net","service":"church-management-system","timestamp":"2025-07-27 12:38:38"}
{"level":"info","message":"Server running in  mode on port 3000","service":"church-management-system","timestamp":"2025-07-27 12:38:54"}
{"level":"info","message":"✅ MongoDB Connected: ac-zxerfsn-shard-00-01.cysc794.mongodb.net","service":"church-management-system","timestamp":"2025-07-27 12:38:59"}
{"level":"info","message":"Server running in  mode on port 3000","service":"church-management-system","timestamp":"2025-07-27 12:39:15"}
{"level":"info","message":"✅ MongoDB Connected: ac-zxerfsn-shard-00-02.cysc794.mongodb.net","service":"church-management-system","timestamp":"2025-07-27 12:39:25"}
{"level":"info","message":"Server running in  mode on port 3000","service":"church-management-system","timestamp":"2025-07-27 12:40:22"}
{"level":"info","message":"✅ MongoDB Connected: ac-zxerfsn-shard-00-02.cysc794.mongodb.net","service":"church-management-system","timestamp":"2025-07-27 12:40:27"}
{"level":"info","message":"Server running in  mode on port 3000","service":"church-management-system","timestamp":"2025-07-27 12:40:53"}
{"level":"info","message":"✅ MongoDB Connected: ac-zxerfsn-shard-00-01.cysc794.mongodb.net","service":"church-management-system","timestamp":"2025-07-27 12:40:56"}
{"level":"info","message":"Server running in  mode on port 3000","service":"church-management-system","timestamp":"2025-07-27 12:41:10"}
{"level":"info","message":"✅ MongoDB Connected: ac-zxerfsn-shard-00-02.cysc794.mongodb.net","service":"church-management-system","timestamp":"2025-07-27 12:41:13"}
{"level":"info","message":"Server running in  mode on port 3000","service":"church-management-system","timestamp":"2025-07-27 12:41:34"}
{"level":"info","message":"✅ MongoDB Connected: ac-zxerfsn-shard-00-00.cysc794.mongodb.net","service":"church-management-system","timestamp":"2025-07-27 12:41:38"}
{"level":"info","message":"Server running in  mode on port 3000","service":"church-management-system","timestamp":"2025-07-27 12:41:48"}
{"level":"info","message":"✅ MongoDB Connected: ac-zxerfsn-shard-00-02.cysc794.mongodb.net","service":"church-management-system","timestamp":"2025-07-27 12:41:52"}
{"level":"info","message":"Server running in  mode on port 3000","service":"church-management-system","timestamp":"2025-07-27 12:41:58"}
{"level":"info","message":"Server running in  mode on port 3000","service":"church-management-system","timestamp":"2025-07-27 12:42:04"}
{"level":"info","message":"✅ MongoDB Connected: ac-zxerfsn-shard-00-01.cysc794.mongodb.net","service":"church-management-system","timestamp":"2025-07-27 12:42:22"}
{"level":"info","message":"Server running in  mode on port 3000","service":"church-management-system","timestamp":"2025-07-27 12:44:43"}
{"level":"info","message":"✅ MongoDB Connected: ac-zxerfsn-shard-00-01.cysc794.mongodb.net","service":"church-management-system","timestamp":"2025-07-27 12:44:49"}
{"level":"info","message":"Server running in  mode on port 3000","service":"church-management-system","timestamp":"2025-07-27 12:46:08"}
{"level":"info","message":"✅ MongoDB Connected: ac-zxerfsn-shard-00-02.cysc794.mongodb.net","service":"church-management-system","timestamp":"2025-07-27 12:46:10"}
{"level":"warn","message":"MongoDB disconnected","service":"church-management-system","timestamp":"2025-07-27 12:46:18"}
{"level":"info","message":"Server running in  mode on port 3000","service":"church-management-system","timestamp":"2025-07-27 12:46:21"}
{"level":"info","message":"✅ MongoDB Connected: ac-zxerfsn-shard-00-02.cysc794.mongodb.net","service":"church-management-system","timestamp":"2025-07-27 12:46:23"}
{"level":"info","message":"Server running in  mode on port 3000","service":"church-management-system","timestamp":"2025-07-27 12:46:26"}
{"level":"info","message":"✅ MongoDB Connected: ac-zxerfsn-shard-00-00.cysc794.mongodb.net","service":"church-management-system","timestamp":"2025-07-27 12:46:28"}
{"level":"info","message":"Server running in  mode on port 3000","service":"church-management-system","timestamp":"2025-07-27 12:47:12"}
{"level":"info","message":"✅ MongoDB Connected: ac-zxerfsn-shard-00-00.cysc794.mongodb.net","service":"church-management-system","timestamp":"2025-07-27 12:47:15"}
{"level":"info","message":"Server running in  mode on port 3000","service":"church-management-system","timestamp":"2025-07-27 12:47:38"}
{"level":"warn","message":"MongoDB disconnected","service":"church-management-system","timestamp":"2025-07-27 12:48:12"}
{"level":"info","message":"Server running in  mode on port 3000","service":"church-management-system","timestamp":"2025-07-27 12:48:14"}
{"0":"C","1":"l","10":"t","11":" ","12":"b","13":"e","14":" ","15":"c","16":"o","17":"n","18":"n","19":"e","2":"i","20":"c","21":"t","22":"e","23":"d","24":" ","25":"b","26":"e","27":"f","28":"o","29":"r","3":"e","30":"e","31":" ","32":"r","33":"u","34":"n","35":"n","36":"i","37":"n","38":"g","39":" ","4":"n","40":"o","41":"p","42":"e","43":"r","44":"a","45":"t","46":"i","47":"o","48":"n","49":"s","5":"t","6":" ","7":"m","8":"u","9":"s","level":"error","message":"Login error:","service":"church-management-system","timestamp":"2025-07-27 12:50:40"}
